2025-09-22 10:00:28,453 [INFO] Activator:176 - 


2025-09-22 10:00:28,458 [INFO] Activator:177 - !SESSION log4j initialized
2025-09-22 10:00:32,917 [INFO] LogOutputStream:77 - [STDOUT_REDIRECT] 
2025-09-22 10:00:34,756 [ERROR] LogOutputStream:75 - [STDERR_REDIRECT] 
2025-09-22 10:00:37,794 [INFO] LogOutputStream:77 - [STDOUT_REDIRECT] 
2025-09-22 10:00:40,416 [INFO] ApplicationProperties:184 - Using Application install path: /Applications/STM32CubeIDE.app/Contents/Eclipse/plugins/com.st.stm32cube.common.mx_6.15.0.202507011659
2025-09-22 10:00:40,433 [INFO] DbMcusXml:78 - Set database path to: /Applications/STM32CubeIDE.app/Contents/Eclipse/plugins/com.st.stm32cube.common.mx_6.15.0.202507011659//db//mcu/
2025-09-22 10:00:40,433 [INFO] ApiDb:274 - Set plugin database path to: /Applications/STM32CubeIDE.app/Contents/Eclipse/plugins/com.st.stm32cube.common.mx_6.15.0.202507011659//db//plugins/boardmanager/
2025-09-22 10:00:40,434 [WARN] ApiDb:259 - Overriding images path with different value:  => /Applications/STM32CubeIDE.app/Contents/Eclipse/plugins/com.st.stm32cube.common.mx_6.15.0.202507011659//db//plugins/mcufinder/images/
2025-09-22 10:00:40,439 [INFO] ApiDb:250 - Set database path to: /Users/sterlinglnln/.stmcufinder/plugins/mcufinder//mcu/
2025-09-22 10:00:40,440 [INFO] DbMcusAds:125 - Set database path to: /Users/sterlinglnln/.stmcufinder/plugins/mcufinder//mcu/
2025-09-22 10:00:40,442 [INFO] CrossReferenceDbSqlite:203 - Set database path to: /Users/sterlinglnln/.stmcufinder/plugins/mcufinder//mcu/cs/
2025-09-22 10:00:40,599 [INFO] RulesReader:64 - Compatibility file has been processed (317 Rules)
2025-09-22 10:00:40,664 [INFO] DbMcusXml:78 - Set database path to: /Applications/STM32CubeIDE.app/Contents/Eclipse/plugins/com.st.stm32cube.common.mx_6.15.0.202507011659//db//mcu/
2025-09-22 10:00:40,664 [INFO] ApiDb:274 - Set plugin database path to: /Applications/STM32CubeIDE.app/Contents/Eclipse/plugins/com.st.stm32cube.common.mx_6.15.0.202507011659//db//plugins/boardmanager/
2025-09-22 10:00:40,664 [INFO] ApiDb:261 - Set plugin images path to: /Applications/STM32CubeIDE.app/Contents/Eclipse/plugins/com.st.stm32cube.common.mx_6.15.0.202507011659//db//plugins/mcufinder/images/
2025-09-22 10:00:40,665 [WARN] DbFile:41 - Overriding database path with different value: /Users/sterlinglnln/.stmcufinder/plugins/mcufinder/ => /Users/sterlinglnln/.stmcufinder/plugins/mcufinder
2025-09-22 10:00:40,665 [INFO] ApiDb:250 - Set database path to: /Users/sterlinglnln/.stmcufinder/plugins/mcufinder//mcu/
2025-09-22 10:00:40,665 [WARN] DbFile:41 - Overriding database path with different value: /Users/sterlinglnln/.stmcufinder/plugins/mcufinder/ => /Users/sterlinglnln/.stmcufinder/plugins/mcufinder
2025-09-22 10:00:40,665 [INFO] DbMcusAds:125 - Set database path to: /Users/sterlinglnln/.stmcufinder/plugins/mcufinder//mcu/
2025-09-22 10:00:40,665 [WARN] DbFile:41 - Overriding database path with different value: /Users/sterlinglnln/.stmcufinder/plugins/mcufinder/ => /Users/sterlinglnln/.stmcufinder/plugins/mcufinder
2025-09-22 10:00:40,665 [WARN] DbFile:41 - Overriding database path with different value: /Users/sterlinglnln/.stmcufinder/plugins/mcufinder/ => /Users/sterlinglnln/.stmcufinder/plugins/mcufinder
2025-09-22 10:00:40,666 [INFO] CrossReferenceDbSqlite:203 - Set database path to: /Users/sterlinglnln/.stmcufinder/plugins/mcufinder//mcu/cs/
2025-09-22 10:00:40,743 [INFO] MainPanel:274 - HeapMemory: 268435456
2025-09-22 10:00:41,738 [INFO] DbMcusXml:78 - Set database path to: /Applications/STM32CubeIDE.app/Contents/Eclipse/plugins/com.st.stm32cube.common.mx_6.15.0.202507011659//db//mcu/
2025-09-22 10:00:41,739 [INFO] ApiDb:274 - Set plugin database path to: /Applications/STM32CubeIDE.app/Contents/Eclipse/plugins/com.st.stm32cube.common.mx_6.15.0.202507011659//db//plugins/boardmanager/
2025-09-22 10:00:41,740 [INFO] ApiDb:261 - Set plugin images path to: /Applications/STM32CubeIDE.app/Contents/Eclipse/plugins/com.st.stm32cube.common.mx_6.15.0.202507011659//db//plugins/mcufinder/images/
2025-09-22 10:00:41,742 [WARN] DbFile:41 - Overriding database path with different value: /Users/sterlinglnln/.stmcufinder/plugins/mcufinder/ => /Users/sterlinglnln/.stmcufinder/plugins/mcufinder
2025-09-22 10:00:41,742 [INFO] ApiDb:250 - Set database path to: /Users/sterlinglnln/.stmcufinder/plugins/mcufinder//mcu/
2025-09-22 10:00:41,742 [WARN] DbFile:41 - Overriding database path with different value: /Users/sterlinglnln/.stmcufinder/plugins/mcufinder/ => /Users/sterlinglnln/.stmcufinder/plugins/mcufinder
2025-09-22 10:00:41,742 [INFO] DbMcusAds:125 - Set database path to: /Users/sterlinglnln/.stmcufinder/plugins/mcufinder//mcu/
2025-09-22 10:00:41,742 [WARN] DbFile:41 - Overriding database path with different value: /Users/sterlinglnln/.stmcufinder/plugins/mcufinder/ => /Users/sterlinglnln/.stmcufinder/plugins/mcufinder
2025-09-22 10:00:41,742 [WARN] DbFile:41 - Overriding database path with different value: /Users/sterlinglnln/.stmcufinder/plugins/mcufinder/ => /Users/sterlinglnln/.stmcufinder/plugins/mcufinder
2025-09-22 10:00:41,744 [INFO] CrossReferenceDbSqlite:203 - Set database path to: /Users/sterlinglnln/.stmcufinder/plugins/mcufinder//mcu/cs/
2025-09-22 10:00:41,792 [INFO] ApplicationProperties:184 - Using Application install path: /Applications/STM32CubeIDE.app/Contents/Eclipse/plugins/com.st.stm32cube.common.mx_6.15.0.202507011659
2025-09-22 10:00:41,796 [INFO] PluginManage:196 - Search for loadable plugins [exclusion list=, ]
2025-09-22 10:00:41,804 [INFO] PluginManage:310 - Check plugin analytics
2025-09-22 10:00:42,240 [INFO] AnalyticsPlugin:253 - Accepted Software Licenses: 
2025-09-22 10:00:42,241 [INFO] AnalyticsPlugin:255 - Accepted CMSIS Pack Licenses: STMicroelectronics.X-CUBE-DPower.1.3.0,STMicroelectronics.X-CUBE-BLE2.3.3.0,STMicroelectronics.FP-ATR-ASTRA1.2.0.2,STMicroelectronics.FP-ATR-SIGFOX1.3.2.0,STMicroelectronics.FP-SNS-FLIGHT1.5.1.0,STMicroelectronics.FP-SNS-MOTENV1.5.0.0,STMicroelectronics.FP-SNS-MOTENVWB1.1.4.0,STMicroelectronics.X-CUBE-AI.10.2.0,STMicroelectronics.X-CUBE-FREERTOS.1.3.1
2025-09-22 10:00:42,241 [INFO] AnalyticsPlugin:257 - Accepted Firmware Licenses: 
2025-09-22 10:00:42,254 [INFO] PluginManage:359 - Loaded plugin analytics (category:tool,tabindex:-1)
2025-09-22 10:00:42,257 [INFO] PluginManage:310 - Check plugin cadmodel
2025-09-22 10:00:42,276 [INFO] CADModel:105 - Init CAD model plugin
2025-09-22 10:00:42,276 [INFO] PluginManage:359 - Loaded plugin cadmodel (category:power,tabindex:5)
2025-09-22 10:00:42,277 [INFO] PluginManage:310 - Check plugin clock
2025-09-22 10:00:42,294 [INFO] PluginManage:359 - Loaded plugin clock (category:base,tabindex:2)
2025-09-22 10:00:42,295 [INFO] PluginManage:310 - Check plugin ddr
2025-09-22 10:00:42,300 [INFO] PluginManage:359 - Loaded plugin ddr (category:tool,tabindex:6)
2025-09-22 10:00:42,301 [INFO] PluginManage:310 - Check plugin filemanager
2025-09-22 10:00:42,557 [INFO] PluginManage:359 - Loaded plugin filemanager (category:base,tabindex:10)
2025-09-22 10:00:42,558 [INFO] PluginManage:310 - Check plugin ipmanager
2025-09-22 10:00:42,568 [INFO] PluginManage:359 - Loaded plugin ipmanager (category:base,tabindex:5)
2025-09-22 10:00:42,568 [INFO] PluginManage:310 - Check plugin lpbam
2025-09-22 10:00:42,586 [INFO] PluginManage:359 - Loaded plugin lpbam (category:base,tabindex:0)
2025-09-22 10:00:42,586 [INFO] PluginManage:310 - Check plugin memorymap
2025-09-22 10:00:42,599 [INFO] PluginManage:359 - Loaded plugin memorymap (category:base,tabindex:4)
2025-09-22 10:00:42,599 [INFO] PluginManage:310 - Check plugin pinoutandconfiguration
2025-09-22 10:00:42,611 [INFO] PluginManage:359 - Loaded plugin pinoutandconfiguration (category:base,tabindex:1)
2025-09-22 10:00:42,611 [INFO] PluginManage:310 - Check plugin pinoutconfig
2025-09-22 10:00:42,760 [WARN] SupportedApi:132 - Cannot load RTOS API schema: s4s-elt-must-match.1: The content of 'definitions' must match (annotation?, (simpleType | complexType)?, (unique | key | keyref)*)). A problem was found starting at: attribute.
2025-09-22 10:00:42,927 [INFO] PluginManage:359 - Loaded plugin pinoutconfig (category:base,tabindex:0)
2025-09-22 10:00:42,927 [INFO] PluginManage:310 - Check plugin power
2025-09-22 10:00:42,941 [INFO] PluginManage:359 - Loaded plugin power (category:power,tabindex:4)
2025-09-22 10:00:42,942 [INFO] PluginManage:310 - Check plugin projectmanager
2025-09-22 10:00:42,975 [INFO] PluginManage:359 - Loaded plugin projectmanager (category:projectmanager,tabindex:4)
2025-09-22 10:00:42,975 [INFO] PluginManage:310 - Check plugin rif
2025-09-22 10:00:42,985 [INFO] PluginManage:359 - Loaded plugin rif (category:base,tabindex:3)
2025-09-22 10:00:42,985 [INFO] PluginManage:310 - Check plugin thirdparty
2025-09-22 10:00:43,255 [INFO] PluginManage:359 - Loaded plugin thirdparty (category:base,tabindex:-1)
2025-09-22 10:00:43,256 [INFO] PluginManage:310 - Check plugin tools
2025-09-22 10:00:43,255 [WARN] IntegrityCheckThread:84 - waiting for thirdparty lock release [integrity check]
2025-09-22 10:00:43,257 [INFO] IntegrityCheckThread:86 - entering critical section [integrity check]
2025-09-22 10:00:43,258 [INFO] ThirdPartyUpdaterWithRetryManager:70 - Updater plugin not ready yet. [1/15]
2025-09-22 10:00:43,263 [INFO] PluginManage:359 - Loaded plugin tools (category:base,tabindex:7)
2025-09-22 10:00:43,264 [INFO] PluginManage:310 - Check plugin tutovideos
2025-09-22 10:00:43,468 [INFO] PluginManage:359 - Loaded plugin tutovideos (category:base,tabindex:-1)
2025-09-22 10:00:43,469 [INFO] PluginManage:310 - Check plugin updater
2025-09-22 10:00:43,501 [INFO] PluginManage:359 - Loaded plugin updater (category:base,tabindex:12)
2025-09-22 10:00:43,501 [INFO] PluginManage:310 - Check plugin userauth
2025-09-22 10:00:43,508 [INFO] UserAuth:118 - Init User Auth plugin
2025-09-22 10:00:43,509 [INFO] PluginManage:359 - Loaded plugin userauth (category:base,tabindex:14)
2025-09-22 10:00:43,510 [INFO] PluginManage:283 - PluginManage : Loaded plugins [18]
2025-09-22 10:00:43,731 [INFO] PinOutPanel:1589 - setPackage(No Configuration,No Configuration)
2025-09-22 10:00:43,900 [INFO] CADModel:165 - CPN selected for project level
2025-09-22 10:00:43,900 [INFO] CADModel:114 - Register for checkConnection events
2025-09-22 10:00:43,912 [INFO] IPUIPlugin:80 - create IPUIPlugin
2025-09-22 10:00:43,913 [INFO] PluginManager:220 - loadIPPluginJar : add mdma
2025-09-22 10:00:43,923 [INFO] IPUIPlugin:80 - create IPUIPlugin
2025-09-22 10:00:43,925 [INFO] PluginManager:220 - loadIPPluginJar : add freertos
2025-09-22 10:00:43,929 [INFO] IPUIPlugin:80 - create IPUIPlugin
2025-09-22 10:00:43,930 [INFO] PluginManager:220 - loadIPPluginJar : add gic
2025-09-22 10:00:43,939 [INFO] IPUIPlugin:80 - create IPUIPlugin
2025-09-22 10:00:43,940 [INFO] PluginManager:220 - loadIPPluginJar : add adc
2025-09-22 10:00:43,941 [INFO] IPUIPlugin:80 - create IPUIPlugin
2025-09-22 10:00:43,942 [INFO] PluginManager:220 - loadIPPluginJar : add gtzc
2025-09-22 10:00:43,943 [INFO] IPUIPlugin:80 - create IPUIPlugin
2025-09-22 10:00:43,943 [INFO] PluginManager:220 - loadIPPluginJar : add quadspi
2025-09-22 10:00:43,946 [INFO] IPUIPlugin:80 - create IPUIPlugin
2025-09-22 10:00:43,946 [INFO] PluginManager:220 - loadIPPluginJar : add aes
2025-09-22 10:00:43,948 [INFO] IPUIPlugin:80 - create IPUIPlugin
2025-09-22 10:00:43,949 [INFO] PluginManager:220 - loadIPPluginJar : add pdm2pcm
2025-09-22 10:00:43,950 [INFO] IPUIPlugin:80 - create IPUIPlugin
2025-09-22 10:00:43,950 [INFO] PluginManager:220 - loadIPPluginJar : add hash
2025-09-22 10:00:43,951 [INFO] IPUIPlugin:80 - create IPUIPlugin
2025-09-22 10:00:43,951 [INFO] PluginManager:220 - loadIPPluginJar : add tim
2025-09-22 10:00:43,954 [INFO] IPUIPlugin:80 - create IPUIPlugin
2025-09-22 10:00:43,954 [INFO] PluginManager:220 - loadIPPluginJar : add tsc
2025-09-22 10:00:43,957 [INFO] IPUIPlugin:80 - create IPUIPlugin
2025-09-22 10:00:43,957 [INFO] PluginManager:220 - loadIPPluginJar : add extmemmanager
2025-09-22 10:00:43,960 [INFO] IPUIPlugin:80 - create IPUIPlugin
2025-09-22 10:00:43,960 [INFO] PluginManager:220 - loadIPPluginJar : add ts
2025-09-22 10:00:43,962 [INFO] IPUIPlugin:80 - create IPUIPlugin
2025-09-22 10:00:43,962 [INFO] PluginManager:220 - loadIPPluginJar : add radio
2025-09-22 10:00:43,964 [INFO] IPUIPlugin:80 - create IPUIPlugin
2025-09-22 10:00:43,964 [INFO] PluginManager:220 - loadIPPluginJar : add can
2025-09-22 10:00:43,967 [INFO] IPUIPlugin:80 - create IPUIPlugin
2025-09-22 10:00:43,967 [INFO] PluginManager:220 - loadIPPluginJar : add dma3
2025-09-22 10:00:43,970 [INFO] IPUIPlugin:80 - create IPUIPlugin
2025-09-22 10:00:43,970 [INFO] PluginManager:220 - loadIPPluginJar : add dfsdm
2025-09-22 10:00:43,974 [INFO] IPUIPlugin:80 - create IPUIPlugin
2025-09-22 10:00:43,974 [INFO] PluginManager:220 - loadIPPluginJar : add spi
2025-09-22 10:00:43,975 [INFO] IPUIPlugin:80 - create IPUIPlugin
2025-09-22 10:00:43,975 [INFO] PluginManager:220 - loadIPPluginJar : add gfxmmu
2025-09-22 10:00:43,977 [INFO] IPUIPlugin:80 - create IPUIPlugin
2025-09-22 10:00:43,977 [INFO] PluginManager:220 - loadIPPluginJar : add genericplugin
2025-09-22 10:00:43,979 [INFO] IPUIPlugin:80 - create IPUIPlugin
2025-09-22 10:00:43,979 [INFO] PluginManager:220 - loadIPPluginJar : add cryp
2025-09-22 10:00:43,982 [INFO] IPUIPlugin:80 - create IPUIPlugin
2025-09-22 10:00:43,983 [INFO] PluginManager:220 - loadIPPluginJar : add gpio
2025-09-22 10:00:43,986 [INFO] IPUIPlugin:80 - create IPUIPlugin
2025-09-22 10:00:43,986 [INFO] PluginManager:220 - loadIPPluginJar : add ddr_ctrl_phy
2025-09-22 10:00:43,988 [INFO] IPUIPlugin:80 - create IPUIPlugin
2025-09-22 10:00:43,989 [INFO] PluginManager:220 - loadIPPluginJar : add comp
2025-09-22 10:00:43,991 [INFO] IPUIPlugin:80 - create IPUIPlugin
2025-09-22 10:00:43,992 [INFO] PluginManager:220 - loadIPPluginJar : add tracer_emb
2025-09-22 10:00:43,995 [INFO] IPUIPlugin:80 - create IPUIPlugin
2025-09-22 10:00:43,996 [INFO] PluginManager:220 - loadIPPluginJar : add openamp
2025-09-22 10:00:44,002 [INFO] IPUIPlugin:80 - create IPUIPlugin
2025-09-22 10:00:44,002 [INFO] PluginManager:220 - loadIPPluginJar : add stm32_wpan
2025-09-22 10:00:44,009 [INFO] IPUIPlugin:80 - create IPUIPlugin
2025-09-22 10:00:44,012 [INFO] PluginManager:220 - loadIPPluginJar : add plateformsettings
2025-09-22 10:00:44,015 [INFO] IPUIPlugin:80 - create IPUIPlugin
2025-09-22 10:00:44,015 [INFO] PluginManager:220 - loadIPPluginJar : add ipddr
2025-09-22 10:00:44,017 [INFO] IPUIPlugin:80 - create IPUIPlugin
2025-09-22 10:00:44,017 [INFO] PluginManager:220 - loadIPPluginJar : add usart
2025-09-22 10:00:44,018 [INFO] IPUIPlugin:80 - create IPUIPlugin
2025-09-22 10:00:44,018 [INFO] PluginManager:220 - loadIPPluginJar : add ltdc
2025-09-22 10:00:44,021 [INFO] IPUIPlugin:80 - create IPUIPlugin
2025-09-22 10:00:44,021 [INFO] PluginManager:220 - loadIPPluginJar : add nvic
2025-09-22 10:00:44,022 [INFO] IPUIPlugin:80 - create IPUIPlugin
2025-09-22 10:00:44,022 [INFO] PluginManager:220 - loadIPPluginJar : add fatfs
2025-09-22 10:00:44,028 [INFO] IPUIPlugin:80 - create IPUIPlugin
2025-09-22 10:00:44,029 [INFO] PluginManager:220 - loadIPPluginJar : add linkedlist
2025-09-22 10:00:44,034 [INFO] IPUIPlugin:80 - create IPUIPlugin
2025-09-22 10:00:44,034 [INFO] PluginManager:220 - loadIPPluginJar : add dma
2025-09-22 10:00:44,041 [INFO] IPUIPlugin:80 - create IPUIPlugin
2025-09-22 10:00:44,041 [INFO] PluginManager:220 - loadIPPluginJar : add fmc
2025-09-22 10:00:44,044 [INFO] IPUIPlugin:80 - create IPUIPlugin
2025-09-22 10:00:44,044 [INFO] PluginManager:220 - loadIPPluginJar : add i2s
2025-09-22 10:00:44,046 [INFO] IPUIPlugin:80 - create IPUIPlugin
2025-09-22 10:00:44,046 [INFO] PluginManager:220 - loadIPPluginJar : add ucpd
2025-09-22 10:00:44,049 [INFO] IPUIPlugin:80 - create IPUIPlugin
2025-09-22 10:00:44,049 [INFO] PluginManager:220 - loadIPPluginJar : add lorawan
2025-09-22 10:00:44,055 [INFO] IPUIPlugin:80 - create IPUIPlugin
2025-09-22 10:00:44,056 [INFO] PluginManager:220 - loadIPPluginJar : add opamp
2025-09-22 10:00:44,061 [INFO] IPUIPlugin:80 - create IPUIPlugin
2025-09-22 10:00:44,061 [INFO] PluginManager:220 - loadIPPluginJar : add i3c
2025-09-22 10:00:44,065 [INFO] IPUIPlugin:80 - create IPUIPlugin
2025-09-22 10:00:44,066 [INFO] PluginManager:220 - loadIPPluginJar : add touchsensing
2025-09-22 10:00:44,068 [INFO] IPUIPlugin:80 - create IPUIPlugin
2025-09-22 10:00:44,069 [INFO] PluginManager:220 - loadIPPluginJar : add i2c
2025-09-22 10:00:44,074 [INFO] IPUIPlugin:80 - create IPUIPlugin
2025-09-22 10:00:44,074 [INFO] PluginManager:220 - loadIPPluginJar : add resmgrutility
2025-09-22 10:00:44,078 [INFO] IPUIPlugin:80 - create IPUIPlugin
2025-09-22 10:00:44,078 [INFO] PluginManager:220 - loadIPPluginJar : add sai
2025-09-22 10:00:44,081 [INFO] IPUIPlugin:80 - create IPUIPlugin
2025-09-22 10:00:44,081 [INFO] PluginManager:220 - loadIPPluginJar : add usbx
2025-09-22 10:00:44,241 [FATAL] Updater:351 - Updater called before beeing initialized
2025-09-22 10:00:44,311 [INFO] RulesReader:64 - Compatibility file has been processed (317 Rules)
2025-09-22 10:00:44,381 [INFO] RulesReader:64 - Compatibility file has been processed (317 Rules)
2025-09-22 10:00:44,401 [INFO] CADModel:165 - CPN selected for project level
2025-09-22 10:00:44,402 [INFO] CADModel:114 - Register for checkConnection events
2025-09-22 10:00:44,402 [FATAL] Updater:351 - Updater called before beeing initialized
2025-09-22 10:00:44,403 [ERROR] CADModel:125 - Updater not yet initialized, retry later 
2025-09-22 10:00:44,830 [FATAL] Updater:351 - Updater called before beeing initialized
2025-09-22 10:00:44,832 [INFO] CADModel:165 - CPN selected for project level
2025-09-22 10:00:44,832 [INFO] CADModel:114 - Register for checkConnection events
2025-09-22 10:00:44,832 [FATAL] Updater:351 - Updater called before beeing initialized
2025-09-22 10:00:44,832 [ERROR] CADModel:125 - Updater not yet initialized, retry later 
2025-09-22 10:00:44,836 [FATAL] Updater:351 - Updater called before beeing initialized
2025-09-22 10:00:45,125 [FATAL] Updater:351 - Updater called before beeing initialized
2025-09-22 10:00:45,132 [INFO] DbMcusAds:53 - JSON generation date=Tue Jul 08 16:14:23 CST 2025 (1751962463524)
2025-09-22 10:00:45,132 [FATAL] Updater:351 - Updater called before beeing initialized
2025-09-22 10:00:45,224 [WARN] DetailPanel:346 - Failed to get advertising image, set to default
2025-09-22 10:00:45,334 [FATAL] Updater:351 - Updater called before beeing initialized
2025-09-22 10:00:45,338 [FATAL] Updater:351 - Updater called before beeing initialized
2025-09-22 10:00:45,338 [FATAL] Updater:351 - Updater called before beeing initialized
2025-09-22 10:00:45,339 [WARN] DetailPanel:346 - Failed to get advertising image, set to default
2025-09-22 10:00:45,342 [FATAL] Updater:351 - Updater called before beeing initialized
2025-09-22 10:00:45,399 [ERROR] Updater:1198 - MainUpdater not yet initialized. External WinMGr cannot be set.
2025-09-22 10:00:45,405 [INFO] Updater:1134 - Updater Version found : 6.15.0
2025-09-22 10:00:45,420 [INFO] ApplicationProperties:184 - Using Application install path: /Applications/STM32CubeIDE.app/Contents/Eclipse/plugins/com.st.stm32cube.common.mx_6.15.0.202507011659
2025-09-22 10:00:45,862 [INFO] MainUpdater:2872 - connection check result : 10
2025-09-22 10:00:45,862 [INFO] MainUpdater:289 - Updater Check For Update Now.
2025-09-22 10:00:45,863 [INFO] MicroXplorer:498 - Change Database Version : DB.6.0.150
2025-09-22 10:00:45,871 [INFO] McuFinderGlobals:63 - Set McuFinder mode to 2 (CubeIDE integrated)
2025-09-22 10:00:45,875 [INFO] UserAuth:487 - Internet connection configuration mode: 1
2025-09-22 10:00:45,894 [INFO] JxBrowserEngine:152 - Initiate JxBrowser Engine with user profile folder
2025-09-22 10:00:46,168 [INFO] CheckServerUpdateThread:120 - End of CheckServer Thread
2025-09-22 10:00:46,522 [WARN] PackLoader:240 - Cannot read IP mode file for STMicroelectronics.FP-SNS-MOTENVWB1.1.4.0
2025-09-22 10:00:46,767 [WARN] PackLoader:240 - Cannot read IP mode file for STMicroelectronics.FP-ATR-ASTRA1.2.0.2
2025-09-22 10:00:46,897 [WARN] PackLoader:240 - Cannot read IP mode file for STMicroelectronics.X-CUBE-SMBUS.2.1.0
2025-09-22 10:00:46,906 [WARN] PackLoader:240 - Cannot read IP mode file for STMicroelectronics.X-CUBE-ST60.1.0.0
2025-09-22 10:00:46,987 [WARN] PackLoader:240 - Cannot read IP mode file for STMicroelectronics.X-CUBE-AZRTOS-F7.1.1.0
2025-09-22 10:00:47,019 [WARN] PackLoader:240 - Cannot read IP mode file for Cesanta.I-CUBE-Mongoose.7.19.0
2025-09-22 10:00:47,042 [WARN] PackLoader:240 - Cannot read IP mode file for WES.I-CUBE-Cesium.1.4.0
2025-09-22 10:00:47,110 [WARN] PackLoader:240 - Cannot read IP mode file for Infineon.AIROC-Wi-Fi-Bluetooth-STM32.1.7.1
2025-09-22 10:00:47,283 [WARN] PackLoader:240 - Cannot read IP mode file for STMicroelectronics.X-CUBE-AZRTOS-H7.3.4.0
2025-09-22 10:00:47,353 [WARN] PackLoader:240 - Cannot read IP mode file for STMicroelectronics.X-CUBE-DISPLAY.3.0.0
2025-09-22 10:00:47,404 [WARN] PackLoader:240 - Cannot read IP mode file for STMicroelectronics.X-CUBE-NFC10.1.0.0
2025-09-22 10:00:47,428 [WARN] PackLoader:240 - Cannot read IP mode file for emotas.I-CUBE-CANOPEN.1.3.0
2025-09-22 10:00:47,450 [WARN] PackLoader:240 - Cannot read IP mode file for STMicroelectronics.FP-SNS-STBOX1.2.1.0
2025-09-22 10:00:47,471 [WARN] PackLoader:240 - Cannot read IP mode file for STMicroelectronics.FP-SNS-SMARTAG2.1.2.0
2025-09-22 10:00:47,480 [WARN] PackLoader:240 - Cannot read IP mode file for STMicroelectronics.FP-SNS-FLIGHT1.5.1.0
2025-09-22 10:00:47,621 [INFO] LogOutputStream:77 - [STDOUT_REDIRECT] 1 : Invalid condition id : UX_CORESTACK_Condition cause : null
2025-09-22 10:00:47,628 [INFO] LogOutputStream:77 - [STDOUT_REDIRECT] 1 : Invalid condition id : UX_CORESTACK_Condition cause : null
2025-09-22 10:00:47,629 [INFO] LogOutputStream:77 - [STDOUT_REDIRECT] 1 : Invalid condition id : UX_CORESTACK_Condition cause : null
2025-09-22 10:00:47,630 [INFO] LogOutputStream:77 - [STDOUT_REDIRECT] 1 : Invalid condition id : UX_CORESTACK_Condition cause : null
2025-09-22 10:00:47,630 [INFO] LogOutputStream:77 - [STDOUT_REDIRECT] 1 : Invalid condition id : UX_CORESTACK_Condition cause : null
2025-09-22 10:00:47,648 [WARN] PackLoader:240 - Cannot read IP mode file for STMicroelectronics.X-CUBE-AZRTOS-WL.2.0.0
2025-09-22 10:00:47,660 [WARN] PackLoader:240 - Cannot read IP mode file for STMicroelectronics.FP-SNS-MOTENV1.5.0.0
2025-09-22 10:00:47,735 [WARN] PackLoader:240 - Cannot read IP mode file for STMicroelectronics.X-CUBE-BLE2.3.3.0
2025-09-22 10:00:47,811 [WARN] PackLoader:240 - Cannot read IP mode file for STMicroelectronics.X-CUBE-NFC9.1.0.0
2025-09-22 10:00:47,830 [WARN] PackLoader:240 - Cannot read IP mode file for wolfSSL.I-CUBE-wolfSSL.5.8.2
2025-09-22 10:00:47,847 [WARN] PackLoader:240 - Cannot read IP mode file for STMicroelectronics.X-CUBE-BLE1.7.1.0
2025-09-22 10:00:47,855 [WARN] PackLoader:240 - Cannot read IP mode file for wolfSSL.I-CUBE-wolfMQTT.1.19.2
2025-09-22 10:00:47,861 [WARN] PackLoader:240 - Cannot read IP mode file for STMicroelectronics.X-CUBE-EEPRMA1.5.2.0
2025-09-22 10:00:47,888 [WARN] PackLoader:240 - Cannot read IP mode file for STMicroelectronics.X-CUBE-AZRTOS-G0.1.1.0
2025-09-22 10:00:47,900 [WARN] PackLoader:240 - Cannot read IP mode file for STMicroelectronics.X-CUBE-SAFEA1.1.2.2
2025-09-22 10:00:47,913 [WARN] PackLoader:240 - Cannot read IP mode file for STMicroelectronics.X-CUBE-NFC4.3.0.0
2025-09-22 10:00:47,928 [WARN] PackLoader:240 - Cannot read IP mode file for EmbeddedOffice.I-CUBE-FS-RTOS.1.0.1
2025-09-22 10:00:47,939 [WARN] PackLoader:240 - Cannot read IP mode file for STMicroelectronics.X-CUBE-WB05N.2.0.0
2025-09-22 10:00:47,947 [WARN] PackLoader:240 - Cannot read IP mode file for wolfSSL.I-CUBE-wolfTPM.3.8.0
2025-09-22 10:00:47,952 [WARN] PackLoader:240 - Cannot read IP mode file for STMicroelectronics.X-CUBE-TCPP.4.2.0
2025-09-22 10:00:47,959 [WARN] PackLoader:240 - Cannot read IP mode file for RealThread.X-CUBE-RT-Thread_Nano.4.1.1
2025-09-22 10:00:47,962 [WARN] PackLoader:240 - Cannot read IP mode file for STMicroelectronics.FP-ATR-SIGFOX1.3.2.0
2025-09-22 10:00:48,016 [WARN] PackLoader:240 - Cannot read IP mode file for ITTIA_DB.I-CUBE-ITTIADB.8.9.0
2025-09-22 10:00:48,024 [WARN] PackLoader:240 - Cannot read IP mode file for STMicroelectronics.X-CUBE-ST67W61.1.0.0
2025-09-22 10:00:48,028 [WARN] PackLoader:240 - Cannot read IP mode file for STMicroelectronics.X-CUBE-AI.10.2.0
2025-09-22 10:00:48,096 [WARN] PackLoader:240 - Cannot read IP mode file for SEGGER.I-CUBE-embOS.1.3.1
2025-09-22 10:00:48,131 [WARN] PackLoader:240 - Cannot read IP mode file for STMicroelectronics.X-CUBE-ALGOBUILD.1.4.0
2025-09-22 10:00:48,586 [WARN] PackLoader:240 - Cannot read IP mode file for STMicroelectronics.X-CUBE-MEMS1.11.3.0
2025-09-22 10:00:48,832 [WARN] PackLoader:240 - Cannot read IP mode file for STMicroelectronics.X-CUBE-PM33A1.1.0.0
2025-09-22 10:00:48,876 [WARN] PackLoader:240 - Cannot read IP mode file for STMicroelectronics.X-CUBE-AZRTOS-F4.1.1.0
2025-09-22 10:00:48,887 [WARN] PackLoader:240 - Cannot read IP mode file for Avnet-IotConnect.X-CUBE-IoTC-DA16k-PMOD.1.0.0
2025-09-22 10:00:48,894 [WARN] PackLoader:240 - Cannot read IP mode file for STMicroelectronics.X-CUBE-ISPU.2.1.0
2025-09-22 10:00:48,902 [WARN] PackLoader:240 - Cannot read IP mode file for STMicroelectronics.X-CUBE-NFC12.1.0.0
2025-09-22 10:00:48,942 [WARN] PackLoader:240 - Cannot read IP mode file for STMicroelectronics.X-CUBE-AZRTOS-L5.2.0.0
2025-09-22 10:00:48,964 [WARN] PackLoader:240 - Cannot read IP mode file for STMicroelectronics.X-CUBE-NFC6.3.1.0
2025-09-22 10:00:48,977 [WARN] PackLoader:240 - Cannot read IP mode file for STMicroelectronics.X-CUBE-FREERTOS.1.3.1
2025-09-22 10:00:49,156 [WARN] PackLoader:240 - Cannot read IP mode file for STMicroelectronics.FP-SNS-STAIOTCFT.1.0.0
2025-09-22 10:00:49,164 [WARN] PackLoader:240 - Cannot read IP mode file for STMicroelectronics.X-CUBE-DPower.1.3.0
2025-09-22 10:00:49,213 [WARN] ConditionMgr:438 - getConditionDescription Invalid condition id : LAN8742 Phy interface Condition cause : null
2025-09-22 10:00:49,215 [WARN] PackLoader:240 - Cannot read IP mode file for STMicroelectronics.X-CUBE-AZRTOS-L4.2.0.0
2025-09-22 10:00:49,218 [WARN] ConditionMgr:1044 - genDependencies : Invalid condition id : LAN8742 Phy interface Condition cause : null
2025-09-22 10:00:49,219 [WARN] ConditionMgr:1044 - genDependencies : Invalid condition id : LAN8742 Phy interface Condition cause : null
2025-09-22 10:00:49,220 [WARN] ConditionMgr:1044 - genDependencies : Invalid condition id : LAN8742 Phy interface Condition cause : null
2025-09-22 10:00:49,227 [WARN] PackLoader:240 - Cannot read IP mode file for STMicroelectronics.X-CUBE-SFXS2LP1.4.0.0
2025-09-22 10:00:49,246 [WARN] PackLoader:240 - Cannot read IP mode file for STMicroelectronics.X-CUBE-BLEMGR.4.1.0
2025-09-22 10:00:49,264 [WARN] ConditionMgr:438 - getConditionDescription Invalid condition id : UX DEVICE CLASS RTOS Condition cause : null
2025-09-22 10:00:49,264 [WARN] ConditionMgr:438 - getConditionDescription Invalid condition id : UX DEVICE CLASS RTOS Condition cause : null
2025-09-22 10:00:49,268 [WARN] PackLoader:240 - Cannot read IP mode file for STMicroelectronics.X-CUBE-AZRTOS-WB.2.0.0
2025-09-22 10:00:49,269 [WARN] ConditionMgr:1044 - genDependencies : Invalid condition id : UX DEVICE CLASS RTOS Condition cause : null
2025-09-22 10:00:49,269 [WARN] ConditionMgr:1044 - genDependencies : Invalid condition id : UX DEVICE CLASS RTOS Condition cause : null
2025-09-22 10:00:49,270 [WARN] ConditionMgr:1044 - genDependencies : Invalid condition id : UX DEVICE CLASS RTOS Condition cause : null
2025-09-22 10:00:49,270 [WARN] ConditionMgr:1044 - genDependencies : Invalid condition id : UX DEVICE CLASS RTOS Condition cause : null
2025-09-22 10:00:49,271 [WARN] ConditionMgr:1044 - genDependencies : Invalid condition id : UX DEVICE CLASS RTOS Condition cause : null
2025-09-22 10:00:49,276 [WARN] PackLoader:240 - Cannot read IP mode file for STMicroelectronics.X-CUBE-GNSS1.7.0.1
2025-09-22 10:00:49,288 [WARN] PackLoader:240 - Cannot read IP mode file for STMicroelectronics.X-CUBE-TOUCHGFX.4.25.0
2025-09-22 10:00:49,293 [WARN] ConditionMgr:438 - getConditionDescription Invalid condition id : Cortex-A Device cause : null
2025-09-22 10:00:49,306 [WARN] ConditionMgr:1044 - genDependencies : Invalid condition id : Cortex-A Device cause : null
2025-09-22 10:00:49,306 [WARN] ConditionMgr:1044 - genDependencies : Invalid condition id : Cortex-A Device cause : null
2025-09-22 10:00:49,306 [WARN] ConditionMgr:1044 - genDependencies : Invalid condition id : Cortex-A Device cause : null
2025-09-22 10:00:49,318 [WARN] PackLoader:240 - Cannot read IP mode file for STMicroelectronics.X-CUBE-SUBG2.5.0.0
2025-09-22 10:00:49,355 [WARN] PackLoader:240 - Cannot read IP mode file for STMicroelectronics.X-CUBE-AZRTOS-H7RS.1.1.0
2025-09-22 10:00:49,390 [WARN] PackLoader:240 - Cannot read IP mode file for STMicroelectronics.X-CUBE-AZRTOS-G4.2.0.0
2025-09-22 10:00:49,396 [WARN] PackLoader:240 - Cannot read IP mode file for wolfSSL.I-CUBE-wolfSSH.1.4.20
2025-09-22 10:00:49,400 [WARN] PackLoader:240 - Cannot read IP mode file for STMicroelectronics.X-CUBE-NFC7.2.0.0
2025-09-22 10:00:49,414 [WARN] PackLoader:240 - Cannot read IP mode file for STMicroelectronics.X-CUBE-IPS.3.1.0
2025-09-22 10:00:49,427 [WARN] PackLoader:240 - Cannot read IP mode file for STMicroelectronics.X-CUBE-ALS.1.0.2
2025-09-22 10:00:49,433 [WARN] PackLoader:240 - Cannot read IP mode file for STMicroelectronics.X-CUBE-STSE01.1.0.0
2025-09-22 10:00:49,446 [WARN] PackLoader:240 - Cannot read IP mode file for STMicroelectronics.X-CUBE-TOF1.3.4.3
2025-09-22 10:00:49,465 [INFO] ThirdParty:978 - Integrity check success = true
2025-09-22 10:00:49,465 [INFO] IntegrityCheckThread:100 - exiting critical section [integrity check]
2025-09-22 10:00:49,465 [INFO] IntegrityCheckThread:103 - End integrity checks thread
2025-09-22 10:00:52,702 [INFO] WebApp:169 - Instantiating new browser for Auth
2025-09-22 10:00:54,685 [INFO] WebApp:463 - Apply proxy settings
2025-09-22 10:00:54,706 [INFO] WebApp:508 - Chromium authenticates against Manually configured proxy
2025-09-22 10:00:54,724 [INFO] WebApp:516 - Username used for proxy authentication: 
2025-09-22 10:00:54,772 [INFO] WebApp:900 - Register for checkConnection events
2025-09-22 10:00:54,773 [INFO] WebApp:463 - Apply proxy settings
2025-09-22 10:00:54,777 [INFO] WebApp:508 - Chromium authenticates against Manually configured proxy
2025-09-22 10:00:54,777 [INFO] WebApp:516 - Username used for proxy authentication: 
2025-09-22 10:00:54,957 [INFO] WebApp:225 - Starting web application
2025-09-22 10:00:54,958 [INFO] WebApp:593 - Web application path used /Applications/STM32CubeIDE.app/Contents/Eclipse/plugins/com.st.stm32cube.common.mx_6.15.0.202507011659/db/plugins/mcufinder/reactClient1/index.html
2025-09-22 10:00:55,577 [INFO] UserAuth:487 - Internet connection configuration mode: 1
2025-09-22 10:06:35,810 [INFO] WebApp:191 - Connection restablished
